<?xml version="1.0" encoding="UTF-8"?>
<!-- Generated by org.testng.reporters.JUnitReportReporter -->
<testsuite hostname="LAPTOP-JNGBS137" failures="0" tests="2" name="com.Tests.Login" time="37.422" errors="0" timestamp="2023-08-18T00:38:51 GMT-05:00" skipped="0">
  <testcase classname="com.Tests.Login" name="checkOrderPage" time="11.576"/>
  <system-out/>
  <testcase classname="com.Tests.Login" name="login_test" time="25.846"/>
  <system-out/>
</testsuite> <!-- com.Tests.Login -->
