<?xml version="1.0" encoding="UTF-8"?>
<!-- Generated by org.testng.reporters.JUnitReportReporter -->
<testsuite hostname="LAPTOP-JNGBS137" failures="0" tests="1" name="com.Tests.ErrorValidation" time="13.805" errors="0" timestamp="2023-08-18T00:52:59 GMT-05:00" skipped="0">
  <testcase classname="com.Tests.ErrorValidation" name="login_test" time="13.805"/>
  <system-out/>
</testsuite> <!-- com.Tests.ErrorValidation -->
